   Qt/MSBuild: 3.4.0.1
   Qt: 6.8.1
  Notepad.cpp
  main.cpp
D:\vs编程\Notepad\Notepad.cpp(1,1): warning C4828: 文件包含在偏移 0x9a 处开始的字符，该字符在当前源字符集中无效(代码页 65001)。
D:\vs编程\Notepad\main.cpp(1,1): warning C4828: 文件包含在偏移 0x69 处开始的字符，该字符在当前源字符集中无效(代码页 65001)。
D:\vs编程\Notepad\Notepad.cpp(1,1): warning C4828: 文件包含在偏移 0x9b 处开始的字符，该字符在当前源字符集中无效(代码页 65001)。
D:\vs编程\Notepad\main.cpp(1,1): warning C4828: 文件包含在偏移 0x6b 处开始的字符，该字符在当前源字符集中无效(代码页 65001)。
D:\vs编程\Notepad\Notepad.cpp(1,1): warning C4828: 文件包含在偏移 0x9c 处开始的字符，该字符在当前源字符集中无效(代码页 65001)。
D:\vs编程\Notepad\main.cpp(1,1): warning C4828: 文件包含在偏移 0x6d 处开始的字符，该字符在当前源字符集中无效(代码页 65001)。
D:\vs编程\Notepad\Notepad.cpp(1,1): warning C4828: 文件包含在偏移 0x9d 处开始的字符，该字符在当前源字符集中无效(代码页 65001)。
D:\vs编程\Notepad\Notepad.cpp(1,1): warning C4828: 文件包含在偏移 0xa1 处开始的字符，该字符在当前源字符集中无效(代码页 65001)。
D:\vs编程\Notepad\main.cpp(1,1): warning C4828: 文件包含在偏移 0x6e 处开始的字符，该字符在当前源字符集中无效(代码页 65001)。
D:\vs编程\Notepad\Notepad.cpp(1,1): warning C4828: 文件包含在偏移 0xa2 处开始的字符，该字符在当前源字符集中无效(代码页 65001)。
D:\vs编程\Notepad\main.cpp(1,1): warning C4828: 文件包含在偏移 0x72 处开始的字符，该字符在当前源字符集中无效(代码页 65001)。
D:\vs编程\Notepad\Notepad.cpp(1,1): warning C4828: 文件包含在偏移 0xa5 处开始的字符，该字符在当前源字符集中无效(代码页 65001)。
D:\vs编程\Notepad\Notepad.cpp(1,1): warning C4828: 文件包含在偏移 0xa6 处开始的字符，该字符在当前源字符集中无效(代码页 65001)。
D:\vs编程\Notepad\main.cpp(1,1): warning C4828: 文件包含在偏移 0x74 处开始的字符，该字符在当前源字符集中无效(代码页 65001)。
D:\vs编程\Notepad\Notepad.cpp(1,1): warning C4828: 文件包含在偏移 0xa7 处开始的字符，该字符在当前源字符集中无效(代码页 65001)。
D:\vs编程\Notepad\Notepad.cpp(1,1): warning C4828: 文件包含在偏移 0xa8 处开始的字符，该字符在当前源字符集中无效(代码页 65001)。
D:\vs编程\Notepad\main.cpp(1,1): warning C4828: 文件包含在偏移 0x75 处开始的字符，该字符在当前源字符集中无效(代码页 65001)。
D:\vs编程\Notepad\Notepad.cpp(1,1): warning C4828: 文件包含在偏移 0x21f 处开始的字符，该字符在当前源字符集中无效(代码页 65001)。
D:\vs编程\Notepad\main.cpp(1,1): warning C4828: 文件包含在偏移 0xa2 处开始的字符，该字符在当前源字符集中无效(代码页 65001)。
D:\vs编程\Notepad\Notepad.cpp(1,1): warning C4828: 文件包含在偏移 0x220 处开始的字符，该字符在当前源字符集中无效(代码页 65001)。
D:\vs编程\Notepad\main.cpp(1,1): warning C4828: 文件包含在偏移 0xa4 处开始的字符，该字符在当前源字符集中无效(代码页 65001)。
D:\vs编程\Notepad\Notepad.cpp(1,1): warning C4828: 文件包含在偏移 0x221 处开始的字符，该字符在当前源字符集中无效(代码页 65001)。
D:\vs编程\Notepad\main.cpp(1,1): warning C4828: 文件包含在偏移 0xa6 处开始的字符，该字符在当前源字符集中无效(代码页 65001)。
D:\vs编程\Notepad\Notepad.cpp(1,1): warning C4828: 文件包含在偏移 0x227 处开始的字符，该字符在当前源字符集中无效(代码页 65001)。
D:\vs编程\Notepad\main.cpp(1,1): warning C4828: 文件包含在偏移 0xa8 处开始的字符，该字符在当前源字符集中无效(代码页 65001)。
D:\vs编程\Notepad\Notepad.cpp(1,1): warning C4828: 文件包含在偏移 0x22a 处开始的字符，该字符在当前源字符集中无效(代码页 65001)。
D:\vs编程\Notepad\Notepad.cpp(1,1): warning C4828: 文件包含在偏移 0x22b 处开始的字符，该字符在当前源字符集中无效(代码页 65001)。
D:\vs编程\Notepad\Notepad.cpp(1,1): warning C4828: 文件包含在偏移 0x22c 处开始的字符，该字符在当前源字符集中无效(代码页 65001)。
D:\vs编程\Notepad\Notepad.cpp(1,1): warning C4828: 文件包含在偏移 0x22d 处开始的字符，该字符在当前源字符集中无效(代码页 65001)。
D:\vs编程\Notepad\Notepad.cpp(1,1): warning C4828: 文件包含在偏移 0x463 处开始的字符，该字符在当前源字符集中无效(代码页 65001)。
D:\vs编程\Notepad\Notepad.cpp(1,1): warning C4828: 文件包含在偏移 0x464 处开始的字符，该字符在当前源字符集中无效(代码页 65001)。
D:\vs编程\Notepad\Notepad.cpp(1,1): warning C4828: 文件包含在偏移 0x465 处开始的字符，该字符在当前源字符集中无效(代码页 65001)。
D:\vs编程\Notepad\Notepad.cpp(1,1): warning C4828: 文件包含在偏移 0x468 处开始的字符，该字符在当前源字符集中无效(代码页 65001)。
D:\vs编程\Notepad\Notepad.cpp(1,1): warning C4828: 文件包含在偏移 0x46e 处开始的字符，该字符在当前源字符集中无效(代码页 65001)。
D:\vs编程\Notepad\Notepad.cpp(1,1): warning C4828: 文件包含在偏移 0x46f 处开始的字符，该字符在当前源字符集中无效(代码页 65001)。
D:\vs编程\Notepad\Notepad.cpp(1,1): warning C4828: 文件包含在偏移 0x472 处开始的字符，该字符在当前源字符集中无效(代码页 65001)。
D:\vs编程\Notepad\Notepad.cpp(1,1): warning C4828: 文件包含在偏移 0x473 处开始的字符，该字符在当前源字符集中无效(代码页 65001)。
D:\vs编程\Notepad\Notepad.cpp(1,1): warning C4828: 文件包含在偏移 0x4dc 处开始的字符，该字符在当前源字符集中无效(代码页 65001)。
D:\vs编程\Notepad\Notepad.cpp(1,1): warning C4828: 文件包含在偏移 0x4dd 处开始的字符，该字符在当前源字符集中无效(代码页 65001)。
D:\vs编程\Notepad\Notepad.cpp(1,1): warning C4828: 文件包含在偏移 0x4de 处开始的字符，该字符在当前源字符集中无效(代码页 65001)。
D:\vs编程\Notepad\Notepad.cpp(1,1): warning C4828: 文件包含在偏移 0x4df 处开始的字符，该字符在当前源字符集中无效(代码页 65001)。
D:\vs编程\Notepad\Notepad.cpp(1,1): warning C4828: 文件包含在偏移 0x4e3 处开始的字符，该字符在当前源字符集中无效(代码页 65001)。
D:\vs编程\Notepad\Notepad.cpp(1,1): warning C4828: 文件包含在偏移 0x4e4 处开始的字符，该字符在当前源字符集中无效(代码页 65001)。
D:\vs编程\Notepad\Notepad.cpp(1,1): warning C4828: 文件包含在偏移 0x4e8 处开始的字符，该字符在当前源字符集中无效(代码页 65001)。
D:\vs编程\Notepad\Notepad.cpp(1,1): warning C4828: 文件包含在偏移 0x4ea 处开始的字符，该字符在当前源字符集中无效(代码页 65001)。
D:\vs编程\Notepad\Notepad.cpp(1,1): warning C4828: 文件包含在偏移 0x4eb 处开始的字符，该字符在当前源字符集中无效(代码页 65001)。
D:\vs编程\Notepad\Notepad.cpp(1,1): warning C4828: 文件包含在偏移 0x5b7 处开始的字符，该字符在当前源字符集中无效(代码页 65001)。
D:\vs编程\Notepad\Notepad.cpp(1,1): warning C4828: 文件包含在偏移 0x5bb 处开始的字符，该字符在当前源字符集中无效(代码页 65001)。
D:\vs编程\Notepad\Notepad.cpp(1,1): warning C4828: 文件包含在偏移 0x5bd 处开始的字符，该字符在当前源字符集中无效(代码页 65001)。
D:\vs编程\Notepad\Notepad.cpp(1,1): warning C4828: 文件包含在偏移 0x5be 处开始的字符，该字符在当前源字符集中无效(代码页 65001)。
D:\vs编程\Notepad\Notepad.cpp(1,1): warning C4828: 文件包含在偏移 0x5bf 处开始的字符，该字符在当前源字符集中无效(代码页 65001)。
D:\vs编程\Notepad\Notepad.cpp(1,1): warning C4828: 文件包含在偏移 0x5c0 处开始的字符，该字符在当前源字符集中无效(代码页 65001)。
D:\vs编程\Notepad\Notepad.cpp(1,1): warning C4828: 文件包含在偏移 0x5c4 处开始的字符，该字符在当前源字符集中无效(代码页 65001)。
D:\vs编程\Notepad\Notepad.cpp(1,1): warning C4828: 文件包含在偏移 0x5c5 处开始的字符，该字符在当前源字符集中无效(代码页 65001)。
D:\vs编程\Notepad\Notepad.cpp(1,1): warning C4828: 文件包含在偏移 0x5c6 处开始的字符，该字符在当前源字符集中无效(代码页 65001)。
D:\vs编程\Notepad\Notepad.cpp(1,1): warning C4828: 文件包含在偏移 0x897 处开始的字符，该字符在当前源字符集中无效(代码页 65001)。
D:\vs编程\Notepad\Notepad.cpp(1,1): warning C4828: 文件包含在偏移 0x899 处开始的字符，该字符在当前源字符集中无效(代码页 65001)。
D:\vs编程\Notepad\Notepad.cpp(1,1): warning C4828: 文件包含在偏移 0x89a 处开始的字符，该字符在当前源字符集中无效(代码页 65001)。
D:\vs编程\Notepad\Notepad.cpp(1,1): warning C4828: 文件包含在偏移 0x89b 处开始的字符，该字符在当前源字符集中无效(代码页 65001)。
D:\vs编程\Notepad\Notepad.cpp(1,1): warning C4828: 文件包含在偏移 0x89d 处开始的字符，该字符在当前源字符集中无效(代码页 65001)。
D:\vs编程\Notepad\Notepad.cpp(1,1): warning C4828: 文件包含在偏移 0x89e 处开始的字符，该字符在当前源字符集中无效(代码页 65001)。
D:\vs编程\Notepad\Notepad.cpp(1,1): warning C4828: 文件包含在偏移 0x89f 处开始的字符，该字符在当前源字符集中无效(代码页 65001)。
D:\vs编程\Notepad\Notepad.cpp(1,1): warning C4828: 文件包含在偏移 0x8a0 处开始的字符，该字符在当前源字符集中无效(代码页 65001)。
D:\vs编程\Notepad\Notepad.cpp(1,1): warning C4828: 文件包含在偏移 0x8a2 处开始的字符，该字符在当前源字符集中无效(代码页 65001)。
D:\vs编程\Notepad\Notepad.cpp(1,1): warning C4828: 文件包含在偏移 0x8a3 处开始的字符，该字符在当前源字符集中无效(代码页 65001)。
D:\vs编程\Notepad\Notepad.cpp(1,1): warning C4828: 文件包含在偏移 0x8a4 处开始的字符，该字符在当前源字符集中无效(代码页 65001)。
D:\vs编程\Notepad\Notepad.cpp(1,1): warning C4828: 文件包含在偏移 0x8a7 处开始的字符，该字符在当前源字符集中无效(代码页 65001)。
D:\vs编程\Notepad\Notepad.cpp(1,1): warning C4828: 文件包含在偏移 0x8ac 处开始的字符，该字符在当前源字符集中无效(代码页 65001)。
D:\vs编程\Notepad\Notepad.cpp(1,1): warning C4828: 文件包含在偏移 0x8ad 处开始的字符，该字符在当前源字符集中无效(代码页 65001)。
D:\vs编程\Notepad\Notepad.cpp(1,1): warning C4828: 文件包含在偏移 0x8ae 处开始的字符，该字符在当前源字符集中无效(代码页 65001)。
D:\vs编程\Notepad\Notepad.cpp(1,1): warning C4828: 文件包含在偏移 0x8b2 处开始的字符，该字符在当前源字符集中无效(代码页 65001)。
D:\vs编程\Notepad\Notepad.cpp(1,1): warning C4828: 文件包含在偏移 0x8b4 处开始的字符，该字符在当前源字符集中无效(代码页 65001)。
D:\vs编程\Notepad\Notepad.cpp(1,1): warning C4828: 文件包含在偏移 0x8b6 处开始的字符，该字符在当前源字符集中无效(代码页 65001)。
D:\vs编程\Notepad\Notepad.cpp(1,1): warning C4828: 文件包含在偏移 0x8b7 处开始的字符，该字符在当前源字符集中无效(代码页 65001)。
D:\vs编程\Notepad\Notepad.cpp(1,1): warning C4828: 文件包含在偏移 0x8ba 处开始的字符，该字符在当前源字符集中无效(代码页 65001)。
D:\vs编程\Notepad\Notepad.cpp(1,1): warning C4828: 文件包含在偏移 0x8bc 处开始的字符，该字符在当前源字符集中无效(代码页 65001)。
D:\vs编程\Notepad\Notepad.cpp(1,1): warning C4828: 文件包含在偏移 0x8bd 处开始的字符，该字符在当前源字符集中无效(代码页 65001)。
D:\vs编程\Notepad\Notepad.cpp(1,1): warning C4828: 文件包含在偏移 0x8be 处开始的字符，该字符在当前源字符集中无效(代码页 65001)。
D:\vs编程\Notepad\Notepad.cpp(1,1): warning C4828: 文件包含在偏移 0x8c2 处开始的字符，该字符在当前源字符集中无效(代码页 65001)。
D:\vs编程\Notepad\Notepad.cpp(1,1): warning C4828: 文件包含在偏移 0x90d 处开始的字符，该字符在当前源字符集中无效(代码页 65001)。
D:\vs编程\Notepad\Notepad.cpp(1,1): warning C4828: 文件包含在偏移 0x90e 处开始的字符，该字符在当前源字符集中无效(代码页 65001)。
D:\vs编程\Notepad\Notepad.cpp(1,1): warning C4828: 文件包含在偏移 0x914 处开始的字符，该字符在当前源字符集中无效(代码页 65001)。
D:\vs编程\Notepad\Notepad.cpp(1,1): warning C4828: 文件包含在偏移 0x915 处开始的字符，该字符在当前源字符集中无效(代码页 65001)。
D:\vs编程\Notepad\Notepad.cpp(1,1): warning C4828: 文件包含在偏移 0x916 处开始的字符，该字符在当前源字符集中无效(代码页 65001)。
D:\vs编程\Notepad\Notepad.cpp(1,1): warning C4828: 文件包含在偏移 0x917 处开始的字符，该字符在当前源字符集中无效(代码页 65001)。
D:\vs编程\Notepad\Notepad.cpp(1,1): warning C4828: 文件包含在偏移 0x919 处开始的字符，该字符在当前源字符集中无效(代码页 65001)。
D:\vs编程\Notepad\Notepad.cpp(1,1): warning C4828: 文件包含在偏移 0x91a 处开始的字符，该字符在当前源字符集中无效(代码页 65001)。
D:\vs编程\Notepad\Notepad.cpp(1,1): warning C4828: 文件包含在偏移 0x91d 处开始的字符，该字符在当前源字符集中无效(代码页 65001)。
D:\vs编程\Notepad\Notepad.cpp(1,1): warning C4828: 文件包含在偏移 0x91f 处开始的字符，该字符在当前源字符集中无效(代码页 65001)。
D:\vs编程\Notepad\Notepad.cpp(1,1): warning C4828: 文件包含在偏移 0x924 处开始的字符，该字符在当前源字符集中无效(代码页 65001)。
D:\vs编程\Notepad\Notepad.cpp(1,1): warning C4828: 文件包含在偏移 0x926 处开始的字符，该字符在当前源字符集中无效(代码页 65001)。
D:\vs编程\Notepad\Notepad.cpp(1,1): warning C4828: 文件包含在偏移 0x993 处开始的字符，该字符在当前源字符集中无效(代码页 65001)。
D:\vs编程\Notepad\Notepad.cpp(1,1): warning C4828: 文件包含在偏移 0x995 处开始的字符，该字符在当前源字符集中无效(代码页 65001)。
D:\vs编程\Notepad\Notepad.cpp(1,1): warning C4828: 文件包含在偏移 0x996 处开始的字符，该字符在当前源字符集中无效(代码页 65001)。
D:\vs编程\Notepad\Notepad.cpp(1,1): warning C4828: 文件包含在偏移 0x997 处开始的字符，该字符在当前源字符集中无效(代码页 65001)。
D:\vs编程\Notepad\Notepad.cpp(1,1): warning C4828: 文件包含在偏移 0x998 处开始的字符，该字符在当前源字符集中无效(代码页 65001)。
D:\vs编程\Notepad\Notepad.cpp(1,1): warning C4828: 文件包含在偏移 0x99c 处开始的字符，该字符在当前源字符集中无效(代码页 65001)。
D:\vs编程\Notepad\Notepad.cpp(1,1): warning C4828: 文件包含在偏移 0x99d 处开始的字符，该字符在当前源字符集中无效(代码页 65001)。
D:\vs编程\Notepad\Notepad.cpp(1,1): warning C4828: 文件包含在偏移 0x9a0 处开始的字符，该字符在当前源字符集中无效(代码页 65001)。
D:\vs编程\Notepad\Notepad.cpp(1,1): warning C4828: 文件包含在偏移 0x9a1 处开始的字符，该字符在当前源字符集中无效(代码页 65001)。
D:\vs编程\Notepad\Notepad.cpp(1,1): warning C4828: 文件包含在偏移 0x9a5 处开始的字符，该字符在当前源字符集中无效(代码页 65001)。
D:\vs编程\Notepad\Notepad.cpp(1,1): warning C4828: 文件包含在偏移 0x9a6 处开始的字符，该字符在当前源字符集中无效(代码页 65001)。
D:\vs编程\Notepad\Notepad.cpp(1,1): warning C4828: 文件包含在偏移 0xa2c 处开始的字符，该字符在当前源字符集中无效(代码页 65001)。
D:\vs编程\Notepad\Notepad.cpp(1,1): warning C4828: 文件包含在偏移 0xa2d 处开始的字符，该字符在当前源字符集中无效(代码页 65001)。
D:\vs编程\Notepad\Notepad.cpp(1,1): warning C4828: 文件包含在偏移 0xa30 处开始的字符，该字符在当前源字符集中无效(代码页 65001)。
D:\vs编程\Notepad\Notepad.cpp(1,1): warning C4828: 文件包含在偏移 0xa31 处开始的字符，该字符在当前源字符集中无效(代码页 65001)。
D:\vs编程\Notepad\Notepad.cpp(1,1): warning C4828: 文件包含在偏移 0xa36 处开始的字符，该字符在当前源字符集中无效(代码页 65001)。
D:\vs编程\Notepad\Notepad.cpp(1,1): warning C4828: 文件包含在偏移 0xa38 处开始的字符，该字符在当前源字符集中无效(代码页 65001)。
D:\vs编程\Notepad\Notepad.cpp(1,1): warning C4828: 文件包含在偏移 0xa39 处开始的字符，该字符在当前源字符集中无效(代码页 65001)。
D:\vs编程\Notepad\Notepad.cpp(1,1): warning C4828: 文件包含在偏移 0xa3d 处开始的字符，该字符在当前源字符集中无效(代码页 65001)。
D:\vs编程\Notepad\Notepad.cpp(1,1): warning C4828: 文件包含在偏移 0xa3e 处开始的字符，该字符在当前源字符集中无效(代码页 65001)。
D:\vs编程\Notepad\Notepad.cpp(1,1): warning C4828: 文件包含在偏移 0xa40 处开始的字符，该字符在当前源字符集中无效(代码页 65001)。
D:\vs编程\Notepad\Notepad.cpp(1,1): warning C4828: 文件包含在偏移 0xd36 处开始的字符，该字符在当前源字符集中无效(代码页 65001)。
D:\vs编程\Notepad\Notepad.cpp(1,1): warning C4828: 文件包含在偏移 0xd37 处开始的字符，该字符在当前源字符集中无效(代码页 65001)。
D:\vs编程\Notepad\Notepad.cpp(1,1): warning C4828: 文件包含在偏移 0xd3d 处开始的字符，该字符在当前源字符集中无效(代码页 65001)。
D:\vs编程\Notepad\Notepad.cpp(1,1): warning C4828: 文件包含在偏移 0xd3e 处开始的字符，该字符在当前源字符集中无效(代码页 65001)。
D:\vs编程\Notepad\Notepad.cpp(1,1): warning C4828: 文件包含在偏移 0xd3f 处开始的字符，该字符在当前源字符集中无效(代码页 65001)。
D:\vs编程\Notepad\Notepad.cpp(1,1): warning C4828: 文件包含在偏移 0xd40 处开始的字符，该字符在当前源字符集中无效(代码页 65001)。
D:\vs编程\Notepad\Notepad.cpp(1,1): warning C4828: 文件包含在偏移 0xd44 处开始的字符，该字符在当前源字符集中无效(代码页 65001)。
D:\vs编程\Notepad\Notepad.cpp(1,1): warning C4828: 文件包含在偏移 0x12ae 处开始的字符，该字符在当前源字符集中无效(代码页 65001)。
D:\vs编程\Notepad\Notepad.cpp(1,1): warning C4828: 文件包含在偏移 0x12b0 处开始的字符，该字符在当前源字符集中无效(代码页 65001)。
D:\vs编程\Notepad\Notepad.cpp(1,1): warning C4828: 文件包含在偏移 0x12b1 处开始的字符，该字符在当前源字符集中无效(代码页 65001)。
D:\vs编程\Notepad\Notepad.cpp(1,1): warning C4828: 文件包含在偏移 0x12b2 处开始的字符，该字符在当前源字符集中无效(代码页 65001)。
D:\vs编程\Notepad\Notepad.cpp(1,1): warning C4828: 文件包含在偏移 0x12b4 处开始的字符，该字符在当前源字符集中无效(代码页 65001)。
D:\vs编程\Notepad\Notepad.cpp(1,1): warning C4828: 文件包含在偏移 0x12b5 处开始的字符，该字符在当前源字符集中无效(代码页 65001)。
D:\vs编程\Notepad\Notepad.cpp(1,1): warning C4828: 文件包含在偏移 0x12b6 处开始的字符，该字符在当前源字符集中无效(代码页 65001)。
D:\vs编程\Notepad\Notepad.cpp(1,1): warning C4828: 文件包含在偏移 0x12b7 处开始的字符，该字符在当前源字符集中无效(代码页 65001)。
D:\vs编程\Notepad\Notepad.cpp(1,1): warning C4828: 文件包含在偏移 0x12b9 处开始的字符，该字符在当前源字符集中无效(代码页 65001)。
D:\vs编程\Notepad\Notepad.cpp(1,1): warning C4828: 文件包含在偏移 0x12ba 处开始的字符，该字符在当前源字符集中无效(代码页 65001)。
D:\vs编程\Notepad\Notepad.cpp(1,1): warning C4828: 文件包含在偏移 0x12bb 处开始的字符，该字符在当前源字符集中无效(代码页 65001)。
D:\vs编程\Notepad\Notepad.cpp(1,1): warning C4828: 文件包含在偏移 0x12be 处开始的字符，该字符在当前源字符集中无效(代码页 65001)。
D:\vs编程\Notepad\Notepad.cpp(1,1): warning C4828: 文件包含在偏移 0x12c3 处开始的字符，该字符在当前源字符集中无效(代码页 65001)。
D:\vs编程\Notepad\Notepad.cpp(1,1): warning C4828: 文件包含在偏移 0x12c4 处开始的字符，该字符在当前源字符集中无效(代码页 65001)。
D:\vs编程\Notepad\Notepad.cpp(1,1): warning C4828: 文件包含在偏移 0x12c5 处开始的字符，该字符在当前源字符集中无效(代码页 65001)。
D:\vs编程\Notepad\Notepad.cpp(1,1): warning C4828: 文件包含在偏移 0x12c9 处开始的字符，该字符在当前源字符集中无效(代码页 65001)。
D:\vs编程\Notepad\Notepad.cpp(1,1): warning C4828: 文件包含在偏移 0x12cb 处开始的字符，该字符在当前源字符集中无效(代码页 65001)。
D:\vs编程\Notepad\Notepad.cpp(1,1): warning C4828: 文件包含在偏移 0x12cd 处开始的字符，该字符在当前源字符集中无效(代码页 65001)。
D:\vs编程\Notepad\Notepad.cpp(1,1): warning C4828: 文件包含在偏移 0x12ce 处开始的字符，该字符在当前源字符集中无效(代码页 65001)。
D:\vs编程\Notepad\Notepad.cpp(1,1): warning C4828: 文件包含在偏移 0x12d1 处开始的字符，该字符在当前源字符集中无效(代码页 65001)。
D:\vs编程\Notepad\Notepad.cpp(1,1): warning C4828: 文件包含在偏移 0x12d3 处开始的字符，该字符在当前源字符集中无效(代码页 65001)。
D:\vs编程\Notepad\Notepad.cpp(1,1): warning C4828: 文件包含在偏移 0x12d4 处开始的字符，该字符在当前源字符集中无效(代码页 65001)。
D:\vs编程\Notepad\Notepad.cpp(1,1): warning C4828: 文件包含在偏移 0x12d5 处开始的字符，该字符在当前源字符集中无效(代码页 65001)。
D:\vs编程\Notepad\Notepad.cpp(1,1): warning C4828: 文件包含在偏移 0x12d9 处开始的字符，该字符在当前源字符集中无效(代码页 65001)。
D:\vs编程\Notepad\Notepad.cpp(1,1): warning C4828: 文件包含在偏移 0x13a9 处开始的字符，该字符在当前源字符集中无效(代码页 65001)。
D:\vs编程\Notepad\Notepad.cpp(1,1): warning C4828: 文件包含在偏移 0x13aa 处开始的字符，该字符在当前源字符集中无效(代码页 65001)。
D:\vs编程\Notepad\Notepad.cpp(1,1): warning C4828: 文件包含在偏移 0x13ab 处开始的字符，该字符在当前源字符集中无效(代码页 65001)。
D:\vs编程\Notepad\Notepad.cpp(1,1): warning C4828: 文件包含在偏移 0x13af 处开始的字符，该字符在当前源字符集中无效(代码页 65001)。
D:\vs编程\Notepad\Notepad.cpp(1,1): warning C4828: 文件包含在偏移 0x13b0 处开始的字符，该字符在当前源字符集中无效(代码页 65001)。
D:\vs编程\Notepad\Notepad.cpp(1,1): warning C4828: 文件包含在偏移 0x13b4 处开始的字符，该字符在当前源字符集中无效(代码页 65001)。
D:\vs编程\Notepad\Notepad.cpp(1,1): warning C4828: 文件包含在偏移 0x13b8 处开始的字符，该字符在当前源字符集中无效(代码页 65001)。
D:\vs编程\Notepad\Notepad.cpp(1,1): warning C4828: 文件包含在偏移 0x13b9 处开始的字符，该字符在当前源字符集中无效(代码页 65001)。
D:\vs编程\Notepad\Notepad.cpp(1,1): warning C4828: 文件包含在偏移 0x13ba 处开始的字符，该字符在当前源字符集中无效(代码页 65001)。
D:\vs编程\Notepad\Notepad.cpp(1,1): warning C4828: 文件包含在偏移 0x13bd 处开始的字符，该字符在当前源字符集中无效(代码页 65001)。
D:\vs编程\Notepad\Notepad.cpp(1,1): warning C4828: 文件包含在偏移 0x13be 处开始的字符，该字符在当前源字符集中无效(代码页 65001)。
D:\vs编程\Notepad\Notepad.cpp(127,31): warning C4834: 放弃具有 [[nodiscard]] 属性的函数的返回值
D:\vs编程\Notepad\Notepad.cpp(263,25): warning C4834: 放弃具有 [[nodiscard]] 属性的函数的返回值
  moc_Notepad.cpp
  Notepad.vcxproj -> D:\vs编程\Notepad\x64\Debug\Notepad.exe
